# JRE version: OpenJDK Runtime Environment (11.0.8+10) (build 11.0.8+10-b944.6916264)
# Java VM: OpenJDK 64-Bit Server VM (11.0.8+10-b944.6916264, mixed mode, tiered, compressed oops, g1 gc, bsd-amd64)
Heap:
 garbage-first heap   total 196608K, used 62268K [0x0000000780000000, 0x0000000800000000)
  region size 1024K, 46 young (47104K), 8 survivors (8192K)
 Metaspace       used 39345K, capacity 40215K, committed 40704K, reserved 1085440K
  class space    used 4995K, capacity 5283K, committed 5376K, reserved 1048576K
GC Heap History (14 events):
Event: 0.755 GC heap before
{Heap before GC invocations=0 (full 0):
 garbage-first heap   total 163840K, used 19456K [0x0000000780000000, 0x0000000800000000)
  region size 1024K, 14 young (14336K), 0 survivors (0K)
 Metaspace       used 7358K, capacity 7551K, committed 7680K, reserved 1056768K
  class space    used 682K, capacity 748K, committed 768K, reserved 1048576K
}
Event: 0.761 GC heap after
{Heap after GC invocations=1 (full 0):
 garbage-first heap   total 163840K, used 7682K [0x0000000780000000, 0x0000000800000000)
  region size 1024K, 2 young (2048K), 2 survivors (2048K)
 Metaspace       used 7358K, capacity 7551K, committed 7680K, reserved 1056768K
  class space    used 682K, capacity 748K, committed 768K, reserved 1048576K
}
Event: 1.213 GC heap before
{Heap before GC invocations=1 (full 0):
 garbage-first heap   total 163840K, used 18946K [0x0000000780000000, 0x0000000800000000)
  region size 1024K, 13 young (13312K), 2 survivors (2048K)
 Metaspace       used 10690K, capacity 10951K, committed 11264K, reserved 1058816K
  class space    used 1135K, capacity 1201K, committed 1280K, reserved 1048576K
}
Event: 1.217 GC heap after
{Heap after GC invocations=2 (full 0):
 garbage-first heap   total 163840K, used 8600K [0x0000000780000000, 0x0000000800000000)
  region size 1024K, 1 young (1024K), 1 survivors (1024K)
 Metaspace       used 10690K, capacity 10951K, committed 11264K, reserved 1058816K
  class space    used 1135K, capacity 1201K, committed 1280K, reserved 1048576K
}
Event: 1.923 GC heap before
{Heap before GC invocations=2 (full 0):
 garbage-first heap   total 163840K, used 36248K [0x0000000780000000, 0x0000000800000000)
  region size 1024K, 29 young (29696K), 1 survivors (1024K)
 Metaspace       used 11140K, capacity 11424K, committed 11520K, reserved 1058816K
  class space    used 1196K, capacity 1273K, committed 1280K, reserved 1048576K
}
Event: 1.929 GC heap after
{Heap after GC invocations=3 (full 0):
 garbage-first heap   total 163840K, used 13105K [0x0000000780000000, 0x0000000800000000)
  region size 1024K, 4 young (4096K), 4 survivors (4096K)
 Metaspace       used 11140K, capacity 11424K, committed 11520K, reserved 1058816K
  class space    used 1196K, capacity 1273K, committed 1280K, reserved 1048576K
}
Event: 3.387 GC heap before
{Heap before GC invocations=3 (full 0):
 garbage-first heap   total 163840K, used 53041K [0x0000000780000000, 0x0000000800000000)
  region size 1024K, 43 young (44032K), 4 survivors (4096K)
 Metaspace       used 19205K, capacity 19659K, committed 19968K, reserved 1067008K
  class space    used 2338K, capacity 2456K, committed 2560K, reserved 1048576K
}
Event: 3.395 GC heap after
{Heap after GC invocations=4 (full 0):
 garbage-first heap   total 163840K, used 15819K [0x0000000780000000, 0x0000000800000000)
  region size 1024K, 3 young (3072K), 3 survivors (3072K)
 Metaspace       used 19205K, capacity 19659K, committed 19968K, reserved 1067008K
  class space    used 2338K, capacity 2456K, committed 2560K, reserved 1048576K
}
Event: 3.595 GC heap before
{Heap before GC invocations=4 (full 0):
 garbage-first heap   total 163840K, used 22987K [0x0000000780000000, 0x0000000800000000)
  region size 1024K, 11 young (11264K), 3 survivors (3072K)
 Metaspace       used 20517K, capacity 21021K, committed 21248K, reserved 1067008K
  class space    used 2527K, capacity 2701K, committed 2816K, reserved 1048576K
}
Event: 3.600 GC heap after
{Heap after GC invocations=5 (full 0):
 garbage-first heap   total 163840K, used 16050K [0x0000000780000000, 0x0000000800000000)
  region size 1024K, 3 young (3072K), 3 survivors (3072K)
 Metaspace       used 20517K, capacity 21021K, committed 21248K, reserved 1067008K
  class space    used 2527K, capacity 2701K, committed 2816K, reserved 1048576K
}
Event: 4.917 GC heap before
{Heap before GC invocations=6 (full 0):
 garbage-first heap   total 163840K, used 72370K [0x0000000780000000, 0x0000000800000000)
  region size 1024K, 58 young (59392K), 3 survivors (3072K)
 Metaspace       used 26461K, capacity 27157K, committed 27520K, reserved 1073152K
  class space    used 3477K, capacity 3709K, committed 3712K, reserved 1048576K
}
Event: 4.929 GC heap after
{Heap after GC invocations=7 (full 0):
 garbage-first heap   total 163840K, used 18128K [0x0000000780000000, 0x0000000800000000)
  region size 1024K, 5 young (5120K), 5 survivors (5120K)
 Metaspace       used 26461K, capacity 27157K, committed 27520K, reserved 1073152K
  class space    used 3477K, capacity 3709K, committed 3712K, reserved 1048576K
}
Event: 6.266 GC heap before
{Heap before GC invocations=7 (full 0):
 garbage-first heap   total 163840K, used 62160K [0x0000000780000000, 0x0000000800000000)
  region size 1024K, 49 young (50176K), 5 survivors (5120K)
 Metaspace       used 34787K, capacity 35506K, committed 35840K, reserved 1081344K
  class space    used 4521K, capacity 4811K, committed 4864K, reserved 1048576K
}
Event: 6.283 GC heap after
{Heap after GC invocations=8 (full 0):
 garbage-first heap   total 196608K, used 21308K [0x0000000780000000, 0x0000000800000000)
  region size 1024K, 8 young (8192K), 8 survivors (8192K)
 Metaspace       used 34787K, capacity 35506K, committed 35840K, reserved 1081344K
  class space    used 4521K, capacity 4811K, committed 4864K, reserved 1048576K
}

